<?xml version="1.0" encoding="UTF-8"?>
<testsuite name="cu.uci.auctoritas.AuctoritasApplicationTests" time="1.179" tests="4" errors="0" skipped="0" failures="0">
  <properties>
[...]
</properties>
  <testcase name="corporateAuthorTest" classname="cu.uci.auctoritas.AuctoritasApplicationTests" time="0.307"/>
  <testcase name="controlledtermTest" classname="cu.uci.auctoritas.AuctoritasApplicationTests" time="0.718"/>
  <testcase name="vocabularyTest" classname="cu.uci.auctoritas.AuctoritasApplicationTests" time="0.033"/>
  <testcase name="personalAuthorTest" classname="cu.uci.auctoritas.AuctoritasApplicationTests" time="0.121"/>
</testsuite>